11/30/2018 03:51:33 PM user [xiaofeng] attempted wrong [assword more than 3 times
11/30/2018 03:51:33 PM test error
11/30/2018 03:51:33 PM server is down
11/30/2018 03:51:33 PM is when this event was logged
11/30/2018 03:52:24 PM user [xiaofeng] attempted wrong [assword more than 3 times
11/30/2018 03:52:24 PM test error
11/30/2018 03:52:24 PM server is down
11/30/2018 03:52:24 PM is when this event was logged
12/03/2018 05:27:06 PM user [xiaofeng] attempted wrong [assword more than 3 times
12/03/2018 05:27:06 PM test error
12/03/2018 05:27:06 PM server is down
12/03/2018 05:27:06 PM is when this event was logged
12/03/2018 05:27:59 PM user [xiaofeng] attempted wrong [assword more than 3 times
12/03/2018 05:27:59 PM test error
12/03/2018 05:27:59 PM server is down
12/03/2018 05:27:59 PM is when this event was logged
12/03/2018 05:35:31 PM user [xiaofeng] attempted wrong [assword more than 3 times
12/03/2018 05:35:31 PM test error
12/03/2018 05:35:31 PM server is down
12/03/2018 05:35:31 PM is when this event was logged
12/03/2018 05:35:31 PM test 1
12/03/2018 05:35:31 PM test 11
12/03/2018 05:35:31 PM test 12
12/03/2018 05:35:31 PM test 13
12/03/2018 05:35:31 PM test 14
12/03/2018 05:35:58 PM user [xiaofeng] attempted wrong [assword more than 3 times
12/03/2018 05:35:58 PM test error
12/03/2018 05:35:58 PM server is down
12/03/2018 05:35:58 PM is when this event was logged
12/03/2018 05:35:58 PM test 1
12/03/2018 05:35:58 PM test 11
12/03/2018 05:35:58 PM test 12
12/03/2018 05:35:58 PM test 13
12/03/2018 05:35:58 PM test 14
12/03/2018 05:36:08 PM user [xiaofeng] attempted wrong [assword more than 3 times
12/03/2018 05:36:08 PM test error
12/03/2018 05:36:08 PM server is down
12/03/2018 05:36:08 PM is when this event was logged
12/03/2018 05:36:08 PM test 1
12/03/2018 05:36:08 PM test 11
12/03/2018 05:36:08 PM test 12
12/03/2018 05:36:08 PM test 13
12/03/2018 05:36:08 PM test 14
12/03/2018 05:36:30 PM user [xiaofeng] attempted wrong [assword more than 3 times
12/03/2018 05:36:30 PM test error
12/03/2018 05:36:30 PM server is down
12/03/2018 05:36:30 PM is when this event was logged
12/03/2018 05:36:30 PM test 1
12/03/2018 05:36:30 PM test 11
12/03/2018 05:36:30 PM test 12
12/03/2018 05:36:30 PM test 13
12/03/2018 05:36:30 PM test 14
12/03/2018 05:37:00 PM user [xiaofeng] attempted wrong [assword more than 3 times
12/03/2018 05:37:00 PM test error
12/03/2018 05:37:00 PM server is down
12/03/2018 05:37:00 PM is when this event was logged
12/03/2018 05:37:00 PM test 1
12/03/2018 05:37:00 PM test 11
12/03/2018 05:37:00 PM test 12
12/03/2018 05:37:00 PM test 13
12/03/2018 05:37:00 PM test 14
12/03/2018 05:37:12 PM user [xiaofeng] attempted wrong [assword more than 3 times
12/03/2018 05:37:12 PM test error
12/03/2018 05:37:12 PM server is down
12/03/2018 05:37:12 PM is when this event was logged
12/03/2018 05:37:12 PM test 1
12/03/2018 05:37:12 PM test 11
12/03/2018 05:37:12 PM test 12
12/03/2018 05:37:12 PM test 13
12/03/2018 05:37:12 PM test 14
12/03/2018 05:37:12 PM test 11
12/03/2018 05:37:12 PM test 12
12/03/2018 05:37:12 PM test 13
12/03/2018 05:37:12 PM test 14
12/03/2018 05:37:12 PM test 11
12/03/2018 05:37:12 PM test 12
12/03/2018 05:37:12 PM test 13
12/03/2018 05:37:12 PM test 14
12/03/2018 05:37:51 PM user [xiaofeng] attempted wrong [assword more than 3 times
12/03/2018 05:37:51 PM test error
12/03/2018 05:37:51 PM server is down
12/03/2018 05:37:51 PM is when this event was logged
12/03/2018 05:37:51 PM test 1
12/03/2018 05:37:51 PM test 11
12/03/2018 05:37:51 PM test 12
12/03/2018 05:37:51 PM test 13
12/03/2018 05:37:51 PM test 14
12/03/2018 05:37:51 PM test 11
12/03/2018 05:37:51 PM test 12
12/03/2018 05:37:51 PM test 13
12/03/2018 05:37:51 PM test 14
12/03/2018 05:37:51 PM test 11
12/03/2018 05:37:51 PM test 12
12/03/2018 05:37:51 PM test 13
12/03/2018 05:37:51 PM test 14
